<?xml version="1.0" encoding="UTF-8"?>
<!-- Generated by org.testng.reporters.JUnitReportReporter -->
<testsuite hostname="LAIMUMLT9002" failures="0" tests="1" name="abhaydere.ExtentReports.test" time="0.015" errors="0" timestamp="2023-08-01T20:04:52 IST" skipped="0">
  <testcase classname="abhaydere.ExtentReports.test" name="test1" time="0.015"/>
</testsuite> <!-- abhaydere.ExtentReports.test -->
